This file contains any messages produced by compilers while
running configure, to aid debugging if configure makes a mistake.

It was created by Snes9x configure 1.53, which was
generated by GNU Autoconf 2.69.  Invocation command line was

  $ ./configure 

## --------- ##
## Platform. ##
## --------- ##

hostname = beaglesnes
uname -m = armv7l
uname -r = 3.8.13-bone20
uname -s = Linux
uname -v = #1 Tue May 28 20:59:24 EDT 2013

/usr/bin/uname -p = unknown
/bin/uname -X     = unknown

/bin/arch              = unknown
/usr/bin/arch -k       = unknown
/usr/convex/getsysinfo = unknown
/usr/bin/hostinfo      = unknown
/bin/machine           = unknown
/usr/bin/oslevel       = unknown
/bin/universe          = unknown

PATH: /usr/local/sbin
PATH: /usr/local/bin
PATH: /usr/sbin
PATH: /usr/bin
PATH: /sbin
PATH: /bin
PATH: /usr/games
PATH: /usr/local/games


## ----------- ##
## Core tests. ##
## ----------- ##

configure:2214: checking build system type
configure:2228: result: armv7l-unknown-linux-gnueabi
configure:2248: checking host system type
configure:2261: result: armv7l-unknown-linux-gnueabi
configure:2281: checking target system type
configure:2294: result: armv7l-unknown-linux-gnueabi
configure:2369: checking for gcc
configure:2385: found /usr/bin/gcc
configure:2396: result: gcc
configure:2625: checking for C compiler version
configure:2634: gcc --version >&5
gcc (Ubuntu/Linaro 4.7.2-2ubuntu1) 4.7.2
Copyright (C) 2012 Free Software Foundation, Inc.
This is free software; see the source for copying conditions.  There is NO
warranty; not even for MERCHANTABILITY or FITNESS FOR A PARTICULAR PURPOSE.

configure:2645: $? = 0
configure:2634: gcc -v >&5
Using built-in specs.
COLLECT_GCC=gcc
COLLECT_LTO_WRAPPER=/usr/lib/gcc/arm-linux-gnueabihf/4.7/lto-wrapper
Target: arm-linux-gnueabihf
Configured with: ../src/configure -v --with-pkgversion='Ubuntu/Linaro 4.7.2-2ubuntu1' --with-bugurl=file:///usr/share/doc/gcc-4.7/README.Bugs --enable-languages=c,c++,go,fortran,objc,obj-c++ --prefix=/usr --program-suffix=-4.7 --enable-shared --enable-linker-build-id --with-system-zlib --libexecdir=/usr/lib --without-included-gettext --enable-threads=posix --with-gxx-include-dir=/usr/include/c++/4.7 --libdir=/usr/lib --enable-nls --with-sysroot=/ --enable-clocale=gnu --enable-libstdcxx-debug --enable-libstdcxx-time=yes --enable-gnu-unique-object --disable-libitm --enable-plugin --enable-objc-gc --enable-multilib --disable-sjlj-exceptions --with-arch=armv7-a --with-fpu=vfpv3-d16 --with-float=hard --with-mode=thumb --disable-werror --enable-checking=release --build=arm-linux-gnueabihf --host=arm-linux-gnueabihf --target=arm-linux-gnueabihf
Thread model: posix
gcc version 4.7.2 (Ubuntu/Linaro 4.7.2-2ubuntu1) 
configure:2645: $? = 0
configure:2634: gcc -V >&5
gcc: error: unrecognized command line option '-V'
gcc: fatal error: no input files
compilation terminated.
configure:2645: $? = 4
configure:2634: gcc -qversion >&5
gcc: error: unrecognized command line option '-qversion'
gcc: fatal error: no input files
compilation terminated.
configure:2645: $? = 4
configure:2665: checking whether the C compiler works
configure:2687: gcc    conftest.c  >&5
configure:2691: $? = 0
configure:2739: result: yes
configure:2742: checking for C compiler default output file name
configure:2744: result: a.out
configure:2750: checking for suffix of executables
configure:2757: gcc -o conftest    conftest.c  >&5
configure:2761: $? = 0
configure:2783: result: 
configure:2805: checking whether we are cross compiling
configure:2813: gcc -o conftest    conftest.c  >&5
configure:2817: $? = 0
configure:2824: ./conftest
configure:2828: $? = 0
configure:2843: result: no
configure:2848: checking for suffix of object files
configure:2870: gcc -c   conftest.c >&5
configure:2874: $? = 0
configure:2895: result: o
configure:2899: checking whether we are using the GNU C compiler
configure:2918: gcc -c   conftest.c >&5
configure:2918: $? = 0
configure:2927: result: yes
configure:2936: checking whether gcc accepts -g
configure:2956: gcc -c -g  conftest.c >&5
configure:2956: $? = 0
configure:2997: result: yes
configure:3014: checking for gcc option to accept ISO C89
configure:3077: gcc  -c -g -O2  conftest.c >&5
configure:3077: $? = 0
configure:3090: result: none needed
configure:3168: checking for g++
configure:3184: found /usr/bin/g++
configure:3195: result: g++
configure:3222: checking for C++ compiler version
configure:3231: g++ --version >&5
g++ (Ubuntu/Linaro 4.7.2-2ubuntu1) 4.7.2
Copyright (C) 2012 Free Software Foundation, Inc.
This is free software; see the source for copying conditions.  There is NO
warranty; not even for MERCHANTABILITY or FITNESS FOR A PARTICULAR PURPOSE.

configure:3242: $? = 0
configure:3231: g++ -v >&5
Using built-in specs.
COLLECT_GCC=g++
COLLECT_LTO_WRAPPER=/usr/lib/gcc/arm-linux-gnueabihf/4.7/lto-wrapper
Target: arm-linux-gnueabihf
Configured with: ../src/configure -v --with-pkgversion='Ubuntu/Linaro 4.7.2-2ubuntu1' --with-bugurl=file:///usr/share/doc/gcc-4.7/README.Bugs --enable-languages=c,c++,go,fortran,objc,obj-c++ --prefix=/usr --program-suffix=-4.7 --enable-shared --enable-linker-build-id --with-system-zlib --libexecdir=/usr/lib --without-included-gettext --enable-threads=posix --with-gxx-include-dir=/usr/include/c++/4.7 --libdir=/usr/lib --enable-nls --with-sysroot=/ --enable-clocale=gnu --enable-libstdcxx-debug --enable-libstdcxx-time=yes --enable-gnu-unique-object --disable-libitm --enable-plugin --enable-objc-gc --enable-multilib --disable-sjlj-exceptions --with-arch=armv7-a --with-fpu=vfpv3-d16 --with-float=hard --with-mode=thumb --disable-werror --enable-checking=release --build=arm-linux-gnueabihf --host=arm-linux-gnueabihf --target=arm-linux-gnueabihf
Thread model: posix
gcc version 4.7.2 (Ubuntu/Linaro 4.7.2-2ubuntu1) 
configure:3242: $? = 0
configure:3231: g++ -V >&5
g++: error: unrecognized command line option '-V'
g++: fatal error: no input files
compilation terminated.
configure:3242: $? = 4
configure:3231: g++ -qversion >&5
g++: error: unrecognized command line option '-qversion'
g++: fatal error: no input files
compilation terminated.
configure:3242: $? = 4
configure:3246: checking whether we are using the GNU C++ compiler
configure:3265: g++ -c   conftest.cpp >&5
configure:3265: $? = 0
configure:3274: result: yes
configure:3283: checking whether g++ accepts -g
configure:3303: g++ -c -g  conftest.cpp >&5
configure:3303: $? = 0
configure:3344: result: yes
configure:3528: checking whether g++ accepts -O3
configure:3561: g++ -o conftest   -O3   conftest.cpp  >&5
configure:3561: $? = 0
configure:3561: ./conftest
configure:3561: $? = 0
configure:3578: result: yes
configure:3705: checking whether g++ accepts -fomit-frame-pointer
configure:3738: g++ -o conftest   -fomit-frame-pointer   conftest.cpp  >&5
configure:3738: $? = 0
configure:3738: ./conftest
configure:3738: $? = 0
configure:3755: result: yes
configure:3961: checking whether g++ accepts -fno-exceptions
configure:3994: g++ -o conftest   -fno-exceptions   conftest.cpp  >&5
configure:3994: $? = 0
configure:3994: ./conftest
configure:3994: $? = 0
configure:4011: result: yes
configure:4020: checking whether g++ accepts -fno-rtti
configure:4053: g++ -o conftest   -fno-rtti   conftest.cpp  >&5
configure:4053: $? = 0
configure:4053: ./conftest
configure:4053: $? = 0
configure:4070: result: yes
configure:4079: checking whether g++ accepts -pedantic
configure:4112: g++ -o conftest   -pedantic   conftest.cpp  >&5
configure:4112: $? = 0
configure:4112: ./conftest
configure:4112: $? = 0
configure:4129: result: yes
configure:4138: checking whether g++ accepts -Wall
configure:4171: g++ -o conftest   -Wall   conftest.cpp  >&5
configure:4171: $? = 0
configure:4171: ./conftest
configure:4171: $? = 0
configure:4188: result: yes
configure:4197: checking whether g++ accepts -W
configure:4230: g++ -o conftest   -W   conftest.cpp  >&5
configure:4230: $? = 0
configure:4230: ./conftest
configure:4230: $? = 0
configure:4247: result: yes
configure:4256: checking whether g++ accepts -Wno-unused-parameter
configure:4289: g++ -o conftest   -Wno-unused-parameter   conftest.cpp  >&5
configure:4289: $? = 0
configure:4289: ./conftest
configure:4289: $? = 0
configure:4306: result: yes
configure:4356: checking how to run the C++ preprocessor
configure:4383: g++ -E  conftest.cpp
configure:4383: $? = 0
configure:4397: g++ -E  conftest.cpp
conftest.cpp:9:28: fatal error: ac_nonexistent.h: No such file or directory
compilation terminated.
configure:4397: $? = 1
configure: failed program was:
| /* confdefs.h */
| #define PACKAGE_NAME "Snes9x"
| #define PACKAGE_TARNAME "snes9x"
| #define PACKAGE_VERSION "1.53"
| #define PACKAGE_STRING "Snes9x 1.53"
| #define PACKAGE_BUGREPORT ""
| #define PACKAGE_URL ""
| /* end confdefs.h.  */
| #include <ac_nonexistent.h>
configure:4422: result: g++ -E
configure:4442: g++ -E  conftest.cpp
configure:4442: $? = 0
configure:4456: g++ -E  conftest.cpp
conftest.cpp:9:28: fatal error: ac_nonexistent.h: No such file or directory
compilation terminated.
configure:4456: $? = 1
configure: failed program was:
| /* confdefs.h */
| #define PACKAGE_NAME "Snes9x"
| #define PACKAGE_TARNAME "snes9x"
| #define PACKAGE_VERSION "1.53"
| #define PACKAGE_STRING "Snes9x 1.53"
| #define PACKAGE_BUGREPORT ""
| #define PACKAGE_URL ""
| /* end confdefs.h.  */
| #include <ac_nonexistent.h>
configure:4485: checking for grep that handles long lines and -e
configure:4543: result: /bin/grep
configure:4548: checking for egrep
configure:4610: result: /bin/grep -E
configure:4615: checking for ANSI C header files
configure:4635: g++ -c    conftest.cpp >&5
configure:4635: $? = 0
configure:4708: g++ -o conftest     conftest.cpp  >&5
configure:4708: $? = 0
configure:4708: ./conftest
configure:4708: $? = 0
configure:4719: result: yes
configure:4732: checking for sys/types.h
configure:4732: g++ -c    conftest.cpp >&5
configure:4732: $? = 0
configure:4732: result: yes
configure:4732: checking for sys/stat.h
configure:4732: g++ -c    conftest.cpp >&5
configure:4732: $? = 0
configure:4732: result: yes
configure:4732: checking for stdlib.h
configure:4732: g++ -c    conftest.cpp >&5
configure:4732: $? = 0
configure:4732: result: yes
configure:4732: checking for string.h
configure:4732: g++ -c    conftest.cpp >&5
configure:4732: $? = 0
configure:4732: result: yes
configure:4732: checking for memory.h
configure:4732: g++ -c    conftest.cpp >&5
configure:4732: $? = 0
configure:4732: result: yes
configure:4732: checking for strings.h
configure:4732: g++ -c    conftest.cpp >&5
configure:4732: $? = 0
configure:4732: result: yes
configure:4732: checking for inttypes.h
configure:4732: g++ -c    conftest.cpp >&5
configure:4732: $? = 0
configure:4732: result: yes
configure:4732: checking for stdint.h
configure:4732: g++ -c    conftest.cpp >&5
configure:4732: $? = 0
configure:4732: result: yes
configure:4732: checking for unistd.h
configure:4732: g++ -c    conftest.cpp >&5
configure:4732: $? = 0
configure:4732: result: yes
configure:4748: checking zlib.h usability
configure:4748: g++ -c    conftest.cpp >&5
configure:4748: $? = 0
configure:4748: result: yes
configure:4748: checking zlib.h presence
configure:4748: g++ -E  conftest.cpp
configure:4748: $? = 0
configure:4748: result: yes
configure:4748: checking for zlib.h
configure:4748: result: yes
configure:4750: checking for gzread in -lz
configure:4775: g++ -o conftest     conftest.cpp -lz   >&5
configure:4775: $? = 0
configure:4784: result: yes
configure:4872: checking png.h usability
configure:4872: g++ -c    conftest.cpp >&5
configure:4872: $? = 0
configure:4872: result: yes
configure:4872: checking png.h presence
configure:4872: g++ -E  conftest.cpp
configure:4872: $? = 0
configure:4872: result: yes
configure:4872: checking for png.h
configure:4872: result: yes
configure:4874: checking for png_init_io in -lpng
configure:4899: g++ -o conftest     conftest.cpp -lpng   >&5
configure:4899: $? = 0
configure:4908: result: yes
configure:4947: checking for mkstemp
configure:4947: g++ -o conftest     conftest.cpp  >&5
configure:4947: $? = 0
configure:4947: result: yes
configure:4961: checking SDL/SDL.h usability
configure:4961: g++ -c    conftest.cpp >&5
configure:4961: $? = 0
configure:4961: result: yes
configure:4961: checking SDL/SDL.h presence
configure:4961: g++ -E  conftest.cpp
configure:4961: $? = 0
configure:4961: result: yes
configure:4961: checking for SDL/SDL.h
configure:4961: result: yes
configure:4963: checking for SDL_Init in -lSDL
configure:4988: g++ -o conftest     conftest.cpp -lSDL   >&5
configure:4988: $? = 0
configure:4997: result: yes
configure:5023: checking SDL/SDL_ttf.h usability
configure:5023: g++ -c    conftest.cpp >&5
configure:5023: $? = 0
configure:5023: result: yes
configure:5023: checking SDL/SDL_ttf.h presence
configure:5023: g++ -E  conftest.cpp
configure:5023: $? = 0
configure:5023: result: yes
configure:5023: checking for SDL/SDL_ttf.h
configure:5023: result: yes
configure:5031: checking SDL/SDL_image.h usability
configure:5031: g++ -c    conftest.cpp >&5
configure:5031: $? = 0
configure:5031: result: yes
configure:5031: checking SDL/SDL_image.h presence
configure:5031: g++ -E  conftest.cpp
configure:5031: $? = 0
configure:5031: result: yes
configure:5031: checking for SDL/SDL_image.h
configure:5031: result: yes
configure:5039: checking SDL/SDL_mixer.h usability
configure:5039: g++ -c    conftest.cpp >&5
configure:5039: $? = 0
configure:5039: result: yes
configure:5039: checking SDL/SDL_mixer.h presence
configure:5039: g++ -E  conftest.cpp
configure:5039: $? = 0
configure:5039: result: yes
configure:5039: checking for SDL/SDL_mixer.h
configure:5039: result: yes
configure:5049: checking for TTF_OpenFont in -lSDL_ttf
configure:5074: g++ -o conftest     conftest.cpp -lSDL_ttf   >&5
configure:5074: $? = 0
configure:5083: result: yes
configure:5094: checking for IMG_Load in -lSDL_image
configure:5119: g++ -o conftest     conftest.cpp -lSDL_image   >&5
configure:5119: $? = 0
configure:5128: result: yes
configure:5139: checking for Mix_OpenAudio in -lSDL_mixer
configure:5164: g++ -o conftest     conftest.cpp -lSDL_mixer   >&5
configure:5164: $? = 0
configure:5173: result: yes
configure:5193: checking for strings.h
configure:5193: result: yes
configure:5202: checking sys/ioctl.h usability
configure:5202: g++ -c    conftest.cpp >&5
configure:5202: $? = 0
configure:5202: result: yes
configure:5202: checking sys/ioctl.h presence
configure:5202: g++ -E  conftest.cpp
configure:5202: $? = 0
configure:5202: result: yes
configure:5202: checking for sys/ioctl.h
configure:5202: result: yes
configure:5211: checking for stdint.h
configure:5211: result: yes
configure:5224: checking for unistd.h
configure:5224: result: yes
configure:5224: checking sys/socket.h usability
configure:5224: g++ -c    conftest.cpp >&5
configure:5224: $? = 0
configure:5224: result: yes
configure:5224: checking sys/socket.h presence
configure:5224: g++ -E  conftest.cpp
configure:5224: $? = 0
configure:5224: result: yes
configure:5224: checking for sys/socket.h
configure:5224: result: yes
configure:5281: checking whether right shift int8 is arithmetic
configure:5323: g++ -o conftest   -DHAVE_STDINT_H   conftest.cpp  >&5
configure:5323: $? = 0
configure:5323: ./conftest
configure:5323: $? = 0
configure:5340: result: yes
configure:5345: checking whether right shift int16 is arithmetic
configure:5387: g++ -o conftest   -DHAVE_STDINT_H   conftest.cpp  >&5
configure:5387: $? = 0
configure:5387: ./conftest
configure:5387: $? = 0
configure:5404: result: yes
configure:5409: checking whether right shift int32 is arithmetic
configure:5451: g++ -o conftest   -DHAVE_STDINT_H   conftest.cpp  >&5
configure:5451: $? = 0
configure:5451: ./conftest
configure:5451: $? = 0
configure:5468: result: yes
configure:5473: checking whether right shift int64 is arithmetic
configure:5515: g++ -o conftest   -DHAVE_STDINT_H   conftest.cpp  >&5
configure:5515: $? = 0
configure:5515: ./conftest
configure:5515: $? = 0
configure:5532: result: yes
configure:5740: creating ./config.status

## ---------------------- ##
## Running config.status. ##
## ---------------------- ##

This file was extended by Snes9x config.status 1.53, which was
generated by GNU Autoconf 2.69.  Invocation command line was

  CONFIG_FILES    = 
  CONFIG_HEADERS  = 
  CONFIG_LINKS    = 
  CONFIG_COMMANDS = 
  $ ./config.status 

on beaglesnes

config.status:748: creating Makefile

## ---------------- ##
## Cache variables. ##
## ---------------- ##

ac_cv_build=armv7l-unknown-linux-gnueabi
ac_cv_c_compiler_gnu=yes
ac_cv_cxx_compiler_gnu=yes
ac_cv_env_CCC_set=
ac_cv_env_CCC_value=
ac_cv_env_CC_set=
ac_cv_env_CC_value=
ac_cv_env_CFLAGS_set=
ac_cv_env_CFLAGS_value=
ac_cv_env_CPPFLAGS_set=
ac_cv_env_CPPFLAGS_value=
ac_cv_env_CXXCPP_set=
ac_cv_env_CXXCPP_value=
ac_cv_env_CXXFLAGS_set=
ac_cv_env_CXXFLAGS_value=
ac_cv_env_CXX_set=
ac_cv_env_CXX_value=
ac_cv_env_LDFLAGS_set=
ac_cv_env_LDFLAGS_value=
ac_cv_env_LIBS_set=
ac_cv_env_LIBS_value=
ac_cv_env_build_alias_set=
ac_cv_env_build_alias_value=
ac_cv_env_host_alias_set=
ac_cv_env_host_alias_value=
ac_cv_env_target_alias_set=
ac_cv_env_target_alias_value=
ac_cv_func_mkstemp=yes
ac_cv_header_SDL_SDL_h=yes
ac_cv_header_SDL_SDL_image_h=yes
ac_cv_header_SDL_SDL_mixer_h=yes
ac_cv_header_SDL_SDL_ttf_h=yes
ac_cv_header_inttypes_h=yes
ac_cv_header_memory_h=yes
ac_cv_header_png_h=yes
ac_cv_header_stdc=yes
ac_cv_header_stdint_h=yes
ac_cv_header_stdlib_h=yes
ac_cv_header_string_h=yes
ac_cv_header_strings_h=yes
ac_cv_header_sys_ioctl_h=yes
ac_cv_header_sys_socket_h=yes
ac_cv_header_sys_stat_h=yes
ac_cv_header_sys_types_h=yes
ac_cv_header_unistd_h=yes
ac_cv_header_zlib_h=yes
ac_cv_host=armv7l-unknown-linux-gnueabi
ac_cv_lib_SDL_SDL_Init=yes
ac_cv_lib_SDL_image_IMG_Load=yes
ac_cv_lib_SDL_mixer_Mix_OpenAudio=yes
ac_cv_lib_SDL_ttf_TTF_OpenFont=yes
ac_cv_lib_png_png_init_io=yes
ac_cv_lib_z_gzread=yes
ac_cv_objext=o
ac_cv_path_EGREP='/bin/grep -E'
ac_cv_path_GREP=/bin/grep
ac_cv_prog_CXXCPP='g++ -E'
ac_cv_prog_ac_ct_CC=gcc
ac_cv_prog_ac_ct_CXX=g++
ac_cv_prog_cc_c89=
ac_cv_prog_cc_g=yes
ac_cv_prog_cxx_g=yes
ac_cv_target=armv7l-unknown-linux-gnueabi
snes9x_cv_libpng=yes
snes9x_cv_option_W=yes
snes9x_cv_option_Wall=yes
snes9x_cv_option_Wno_unused_parameter=yes
snes9x_cv_option_no_exceptions=yes
snes9x_cv_option_no_rtti=yes
snes9x_cv_option_o3=yes
snes9x_cv_option_omit_frame_pointer=yes
snes9x_cv_option_pedantic=yes
snes9x_cv_sdl=yes
snes9x_cv_zlib=yes

## ----------------- ##
## Output variables. ##
## ----------------- ##

CC='gcc'
CFLAGS=' '
CPPFLAGS=''
CXX='g++'
CXXCPP='g++ -E'
CXXFLAGS=' '
DEFS='-DPACKAGE_NAME=\"Snes9x\" -DPACKAGE_TARNAME=\"snes9x\" -DPACKAGE_VERSION=\"1.53\" -DPACKAGE_STRING=\"Snes9x\ 1.53\" -DPACKAGE_BUGREPORT=\"\" -DPACKAGE_URL=\"\" -DSTDC_HEADERS=1 -DHAVE_SYS_TYPES_H=1 -DHAVE_SYS_STAT_H=1 -DHAVE_STDLIB_H=1 -DHAVE_STRING_H=1 -DHAVE_MEMORY_H=1 -DHAVE_STRINGS_H=1 -DHAVE_INTTYPES_H=1 -DHAVE_STDINT_H=1 -DHAVE_UNISTD_H=1 -DHAVE_UNISTD_H=1 -DHAVE_SYS_SOCKET_H=1'
ECHO_C=''
ECHO_N='-n'
ECHO_T=''
EGREP='/bin/grep -E'
EXEEXT=''
GREP='/bin/grep'
LDFLAGS=''
LIBOBJS=''
LIBS=''
LTLIBOBJS=''
OBJEXT='o'
PACKAGE_BUGREPORT=''
PACKAGE_NAME='Snes9x'
PACKAGE_STRING='Snes9x 1.53'
PACKAGE_TARNAME='snes9x'
PACKAGE_URL=''
PACKAGE_VERSION='1.53'
PATH_SEPARATOR=':'
S9XDEBUGGER='#S9XDEBUGGER=1'
S9XDEFS='-DHAVE_MKSTEMP -DHAVE_STRINGS_H -DHAVE_SYS_IOCTL_H -DHAVE_STDINT_H -DRIGHTSHIFT_IS_SAR'
S9XFLGS='-O3 -fomit-frame-pointer -fno-exceptions -fno-rtti -pedantic -Wall -W -Wno-unused-parameter -I/usr/local/include/SDL -D_GNU_SOURCE=1 -D_REENTRANT'
S9XJMA='#S9XJMA=1'
S9XLIBS='-L/usr/local/lib -Wl,-rpath,/usr/local/lib -lSDL -lpthread -lSDL_ttf -lSDL_image -lSDL_mixer'
S9XNETPLAY='#S9XNETPLAY=1'
S9XZIP='#S9XZIP=1'
SDL_IMAGE_LIBS='-lSDL_image'
SDL_MIXER_LIBS='-lSDL_mixer'
SDL_TTF_LIBS='-lSDL_ttf'
SHELL='/bin/bash'
ac_ct_CC='gcc'
ac_ct_CXX='g++'
bindir='${exec_prefix}/bin'
build='armv7l-unknown-linux-gnueabi'
build_alias=''
build_cpu='armv7l'
build_os='linux-gnueabi'
build_vendor='unknown'
datadir='${datarootdir}'
datarootdir='${prefix}/share'
docdir='${datarootdir}/doc/${PACKAGE_TARNAME}'
dvidir='${docdir}'
exec_prefix='${prefix}'
host='armv7l-unknown-linux-gnueabi'
host_alias=''
host_cpu='armv7l'
host_os='linux-gnueabi'
host_vendor='unknown'
htmldir='${docdir}'
includedir='${prefix}/include'
infodir='${datarootdir}/info'
libdir='${exec_prefix}/lib'
libexecdir='${exec_prefix}/libexec'
localedir='${datarootdir}/locale'
localstatedir='${prefix}/var'
mandir='${datarootdir}/man'
oldincludedir='/usr/include'
pdfdir='${docdir}'
prefix='/usr/local'
program_transform_name='s,x,x,'
psdir='${docdir}'
sbindir='${exec_prefix}/sbin'
sharedstatedir='${prefix}/com'
sysconfdir='${prefix}/etc'
target='armv7l-unknown-linux-gnueabi'
target_alias=''
target_cpu='armv7l'
target_os='linux-gnueabi'
target_vendor='unknown'

## ----------- ##
## confdefs.h. ##
## ----------- ##

/* confdefs.h */
#define PACKAGE_NAME "Snes9x"
#define PACKAGE_TARNAME "snes9x"
#define PACKAGE_VERSION "1.53"
#define PACKAGE_STRING "Snes9x 1.53"
#define PACKAGE_BUGREPORT ""
#define PACKAGE_URL ""
#define STDC_HEADERS 1
#define HAVE_SYS_TYPES_H 1
#define HAVE_SYS_STAT_H 1
#define HAVE_STDLIB_H 1
#define HAVE_STRING_H 1
#define HAVE_MEMORY_H 1
#define HAVE_STRINGS_H 1
#define HAVE_INTTYPES_H 1
#define HAVE_STDINT_H 1
#define HAVE_UNISTD_H 1
#define HAVE_UNISTD_H 1
#define HAVE_SYS_SOCKET_H 1

configure: exit 0
